<?xml version="1.0" encoding="UTF-8"?>
<beans xmlns="http://www.springframework.org/schema/beans"
       xmlns:xsi="http://www.w3.org/2001/XMLSchema-instance"
       xmlns:jee="http://www.springframework.org/schema/jee"
       xmlns:dubbo="http://code.alibabatech.com/schema/dubbo"
       xmlns:context="http://www.springframework.org/schema/context"
       xmlns:util="http://www.springframework.org/schema/util"
       xmlns:avalon="http://cocoon.apache.org/schema/avalon"
       xsi:schemaLocation="http://www.springframework.org/schema/beans http://www.springframework.org/schema/beans/spring-beans-2.0.xsd
                           http://www.springframework.org/schema/util http://www.springframework.org/schema/util/spring-util-2.0.xsd

                           http://code.alibabatech.com/schema/dubbo
                           http://code.alibabatech.com/schema/dubbo/dubbo.xsd
                           http://cocoon.apache.org/schema/avalon http://cocoon.apache.org/schema/avalon/cocoon-avalon-1.0.xsd
http://cocoon.apache.org/schema/configurator"
       default-lazy-init="false">

    <!--提供方应用名称信息，这个相当于起一个名字，我们dubbo管理页面比较清晰是哪个应用暴露出来的 -->
    <dubbo:application name="DubboDemo"></dubbo:application>
    <!--使用zookeeper注册中心暴露服务地址 -->
    <dubbo:registry address="zookeeper://127.0.0.1:2181" check="false" subscribe="false" register=""></dubbo:registry>
    <!--要暴露的服务接口 -->
    <dubbo:service interface="com.test_impl.ITest" ref="springservice"/>
    <bean id="springservice" class="com.test_impl.Test">
    </bean>
</beans>